<?xml version="1.0" encoding="UTF-8"?>
<testsuite xmlns:xsi="http://www.w3.org/2001/XMLSchema-instance" xsi:noNamespaceSchemaLocation="https://maven.apache.org/surefire/maven-surefire-plugin/xsd/surefire-test-report-3.0.xsd" version="3.0" name="base.BaseTest" time="7.128" tests="2" errors="0" skipped="1" failures="1">
  <properties>
    <property name="gopherProxySet" value="false"/>
    <property name="awt.toolkit" value="sun.lwawt.macosx.LWCToolkit"/>
    <property name="java.specification.version" value="11"/>
    <property name="webdriver.chrome.driver" value="/Users/rashmithadevadiga/.cache/selenium/chromedriver/mac64/114.0.5735.90/chromedriver"/>
    <property name="sun.cpu.isalist" value=""/>
    <property name="sun.jnu.encoding" value="UTF-8"/>
    <property name="java.class.path" value="/Users/rashmithadevadiga/eclipse-workspace/ONDC/target/test-classes:/Users/rashmithadevadiga/eclipse-workspace/ONDC/target/classes:/Users/rashmithadevadiga/.m2/repository/io/github/qsy7/java/modules/browser/drivers/chromedriver/0.3.3/chromedriver-0.3.3.jar:/Users/rashmithadevadiga/.m2/repository/io/github/qsy7/java/modules/browser/api/service/0.3.3/service-0.3.3.jar:/Users/rashmithadevadiga/.m2/repository/io/github/qsy7/java/modules/browser/api/model/0.3.3/model-0.3.3.jar:/Users/rashmithadevadiga/.m2/repository/io/github/qsy7/java/infrastructure/property/api/0.3.3/api-0.3.3.jar:/Users/rashmithadevadiga/.m2/repository/org/reflections/reflections/0.10.2/reflections-0.10.2.jar:/Users/rashmithadevadiga/.m2/repository/org/javassist/javassist/3.28.0-GA/javassist-3.28.0-GA.jar:/Users/rashmithadevadiga/.m2/repository/org/dom4j/dom4j/2.1.4/dom4j-2.1.4.jar:/Users/rashmithadevadiga/.m2/repository/io/github/qsy7/java/modules/identity/api/model/0.3.3/model-0.3.3.jar:/Users/rashmithadevadiga/.m2/repository/io/github/qsy7/java/modules/person/api/model/0.3.3/model-0.3.3.jar:/Users/rashmithadevadiga/.m2/repository/org/passay/passay/1.6.4/passay-1.6.4.jar:/Users/rashmithadevadiga/.m2/repository/io/github/qsy7/java/modules/serialization/api/service/0.3.3/service-0.3.3.jar:/Users/rashmithadevadiga/.m2/repository/io/github/qsy7/java/modules/serialization/api/model/0.3.3/model-0.3.3.jar:/Users/rashmithadevadiga/.m2/repository/io/github/qsy7/java/modules/keep-alive/0.3.3/keep-alive-0.3.3.jar:/Users/rashmithadevadiga/.m2/repository/io/github/qsy7/java/modules/file/modules/resources/0.3.3/resources-0.3.3.jar:/Users/rashmithadevadiga/.m2/repository/io/github/qsy7/java/infrastructure/inject/modules/cli/api/0.3.3/api-0.3.3.jar:/Users/rashmithadevadiga/.m2/repository/io/github/qsy7/java/advice/closeable/0.3.3/closeable-0.3.3.jar:/Users/rashmithadevadiga/.m2/repository/net/bytebuddy/byte-buddy-agent/1.14.11/byte-buddy-agent-1.14.11.jar:/Users/rashmithadevadiga/.m2/repository/io/github/qsy7/java/infrastructure/datastore/api/repository/0.3.3/repository-0.3.3.jar:/Users/rashmithadevadiga/.m2/repository/io/github/qsy7/java/infrastructure/datastore/api/model/0.3.3/model-0.3.3.jar:/Users/rashmithadevadiga/.m2/repository/org/datanucleus/javax.jdo/3.2.1/javax.jdo-3.2.1.jar:/Users/rashmithadevadiga/.m2/repository/org/glassfish/corba/glassfish-corba-omgapi/4.2.2/glassfish-corba-omgapi-4.2.2.jar:/Users/rashmithadevadiga/.m2/repository/org/datanucleus/datanucleus-api-jdo/6.0.1/datanucleus-api-jdo-6.0.1.jar:/Users/rashmithadevadiga/.m2/repository/org/datanucleus/datanucleus-core/6.0.6/datanucleus-core-6.0.6.jar:/Users/rashmithadevadiga/.m2/repository/org/datanucleus/datanucleus-jdo-query/6.0.1/datanucleus-jdo-query-6.0.1.jar:/Users/rashmithadevadiga/.m2/repository/javax/transaction/javax.transaction-api/1.3/javax.transaction-api-1.3.jar:/Users/rashmithadevadiga/.m2/repository/io/github/qsy7/java/modules/browser/impl/0.3.3/impl-0.3.3.jar:/Users/rashmithadevadiga/.m2/repository/io/github/qsy7/java/modules/file/api/model/0.3.3/model-0.3.3.jar:/Users/rashmithadevadiga/.m2/repository/io/github/qsy7/java/modules/file/api/service/0.3.3/service-0.3.3.jar:/Users/rashmithadevadiga/.m2/repository/io/github/qsy7/java/modules/file/impl/0.3.3/impl-0.3.3.jar:/Users/rashmithadevadiga/.m2/repository/io/github/qsy7/java/modules/compression/api/service/0.3.3/service-0.3.3.jar:/Users/rashmithadevadiga/.m2/repository/io/github/qsy7/java/modules/compression/api/model/0.3.3/model-0.3.3.jar:/Users/rashmithadevadiga/.m2/repository/org/tukaani/xz/1.9/xz-1.9.jar:/Users/rashmithadevadiga/.m2/repository/io/github/qsy7/java/modules/compression/modules/xz/impl/0.3.3/impl-0.3.3.jar:/Users/rashmithadevadiga/.m2/repository/io/github/qsy7/java/modules/encryption/api/0.3.3/api-0.3.3.jar:/Users/rashmithadevadiga/.m2/repository/io/github/qsy7/java/modules/encryption/impl/0.3.3/impl-0.3.3.jar:/Users/rashmithadevadiga/.m2/repository/org/apache/commons/commons-text/1.11.0/commons-text-1.11.0.jar:/Users/rashmithadevadiga/.m2/repository/org/apache/commons/commons-crypto/1.2.0/commons-crypto-1.2.0.jar:/Users/rashmithadevadiga/.m2/repository/com/sun/xml/bind/jaxb-impl/2.3.7/jaxb-impl-2.3.7.jar:/Users/rashmithadevadiga/.m2/repository/jakarta/xml/bind/jakarta.xml.bind-api/2.3.3/jakarta.xml.bind-api-2.3.3.jar:/Users/rashmithadevadiga/.m2/repository/io/github/qsy7/java/infrastructure/inject/core/0.3.3/core-0.3.3.jar:/Users/rashmithadevadiga/.m2/repository/jakarta/inject/jakarta.inject-api/2.0.1.MR/jakarta.inject-api-2.0.1.MR.jar:/Users/rashmithadevadiga/.m2/repository/io/github/qsy7/java/infrastructure/property/impl/0.3.3/impl-0.3.3.jar:/Users/rashmithadevadiga/.m2/repository/io/github/qsy7/java/advice/logging/api/0.3.3/api-0.3.3.jar:/Users/rashmithadevadiga/.m2/repository/jakarta/enterprise/jakarta.enterprise.cdi-api/4.1.0-M1/jakarta.enterprise.cdi-api-4.1.0-M1.jar:/Users/rashmithadevadiga/.m2/repository/jakarta/enterprise/jakarta.enterprise.lang-model/4.1.0-M1/jakarta.enterprise.lang-model-4.1.0-M1.jar:/Users/rashmithadevadiga/.m2/repository/jakarta/annotation/jakarta.annotation-api/3.0.0-M1/jakarta.annotation-api-3.0.0-M1.jar:/Users/rashmithadevadiga/.m2/repository/jakarta/el/jakarta.el-api/5.0.1/jakarta.el-api-5.0.1.jar:/Users/rashmithadevadiga/.m2/repository/jakarta/interceptor/jakarta.interceptor-api/2.2.0-M1/jakarta.interceptor-api-2.2.0-M1.jar:/Users/rashmithadevadiga/.m2/repository/io/github/qsy7/java/infrastructure/property/modules/environment/0.3.3/environment-0.3.3.jar:/Users/rashmithadevadiga/.m2/repository/io/github/qsy7/java/infrastructure/property/modules/manifest/0.3.3/manifest-0.3.3.jar:/Users/rashmithadevadiga/.m2/repository/com/jcabi/jcabi-manifests/2.1.0/jcabi-manifests-2.1.0.jar:/Users/rashmithadevadiga/.m2/repository/com/jcabi/jcabi-log/0.22.0/jcabi-log-0.22.0.jar:/Users/rashmithadevadiga/.m2/repository/org/mockito/mockito-core/4.6.1/mockito-core-4.6.1.jar:/Users/rashmithadevadiga/.m2/repository/org/objenesis/objenesis/3.2/objenesis-3.2.jar:/Users/rashmithadevadiga/.m2/repository/io/github/qsy7/java/modules/shell/api/model/0.3.3/model-0.3.3.jar:/Users/rashmithadevadiga/.m2/repository/io/github/qsy7/java/infrastructure/datastore/impl/0.3.3/impl-0.3.3.jar:/Users/rashmithadevadiga/.m2/repository/org/seleniumhq/selenium/selenium-java/4.11.0/selenium-java-4.11.0.jar:/Users/rashmithadevadiga/.m2/repository/org/seleniumhq/selenium/selenium-api/4.11.0/selenium-api-4.11.0.jar:/Users/rashmithadevadiga/.m2/repository/org/seleniumhq/selenium/selenium-chrome-driver/4.11.0/selenium-chrome-driver-4.11.0.jar:/Users/rashmithadevadiga/.m2/repository/com/google/auto/service/auto-service-annotations/1.0.1/auto-service-annotations-1.0.1.jar:/Users/rashmithadevadiga/.m2/repository/com/google/guava/guava/31.1-jre/guava-31.1-jre.jar:/Users/rashmithadevadiga/.m2/repository/com/google/guava/failureaccess/1.0.1/failureaccess-1.0.1.jar:/Users/rashmithadevadiga/.m2/repository/com/google/guava/listenablefuture/9999.0-empty-to-avoid-conflict-with-guava/listenablefuture-9999.0-empty-to-avoid-conflict-with-guava.jar:/Users/rashmithadevadiga/.m2/repository/com/google/code/findbugs/jsr305/3.0.2/jsr305-3.0.2.jar:/Users/rashmithadevadiga/.m2/repository/org/checkerframework/checker-qual/3.12.0/checker-qual-3.12.0.jar:/Users/rashmithadevadiga/.m2/repository/com/google/errorprone/error_prone_annotations/2.11.0/error_prone_annotations-2.11.0.jar:/Users/rashmithadevadiga/.m2/repository/com/google/j2objc/j2objc-annotations/1.3/j2objc-annotations-1.3.jar:/Users/rashmithadevadiga/.m2/repository/org/seleniumhq/selenium/selenium-chromium-driver/4.11.0/selenium-chromium-driver-4.11.0.jar:/Users/rashmithadevadiga/.m2/repository/org/seleniumhq/selenium/selenium-json/4.11.0/selenium-json-4.11.0.jar:/Users/rashmithadevadiga/.m2/repository/org/seleniumhq/selenium/selenium-manager/4.11.0/selenium-manager-4.11.0.jar:/Users/rashmithadevadiga/.m2/repository/org/seleniumhq/selenium/selenium-devtools-v113/4.11.0/selenium-devtools-v113-4.11.0.jar:/Users/rashmithadevadiga/.m2/repository/org/seleniumhq/selenium/selenium-devtools-v114/4.11.0/selenium-devtools-v114-4.11.0.jar:/Users/rashmithadevadiga/.m2/repository/org/seleniumhq/selenium/selenium-devtools-v115/4.11.0/selenium-devtools-v115-4.11.0.jar:/Users/rashmithadevadiga/.m2/repository/org/seleniumhq/selenium/selenium-devtools-v85/4.11.0/selenium-devtools-v85-4.11.0.jar:/Users/rashmithadevadiga/.m2/repository/org/seleniumhq/selenium/selenium-edge-driver/4.11.0/selenium-edge-driver-4.11.0.jar:/Users/rashmithadevadiga/.m2/repository/org/seleniumhq/selenium/selenium-firefox-driver/4.11.0/selenium-firefox-driver-4.11.0.jar:/Users/rashmithadevadiga/.m2/repository/org/seleniumhq/selenium/selenium-http/4.11.0/selenium-http-4.11.0.jar:/Users/rashmithadevadiga/.m2/repository/dev/failsafe/failsafe/3.3.1/failsafe-3.3.1.jar:/Users/rashmithadevadiga/.m2/repository/org/seleniumhq/selenium/selenium-ie-driver/4.11.0/selenium-ie-driver-4.11.0.jar:/Users/rashmithadevadiga/.m2/repository/org/seleniumhq/selenium/selenium-remote-driver/4.11.0/selenium-remote-driver-4.11.0.jar:/Users/rashmithadevadiga/.m2/repository/io/netty/netty-buffer/4.1.92.Final/netty-buffer-4.1.92.Final.jar:/Users/rashmithadevadiga/.m2/repository/io/netty/netty-codec-http/4.1.92.Final/netty-codec-http-4.1.92.Final.jar:/Users/rashmithadevadiga/.m2/repository/io/netty/netty-codec/4.1.92.Final/netty-codec-4.1.92.Final.jar:/Users/rashmithadevadiga/.m2/repository/io/netty/netty-handler/4.1.92.Final/netty-handler-4.1.92.Final.jar:/Users/rashmithadevadiga/.m2/repository/io/netty/netty-common/4.1.92.Final/netty-common-4.1.92.Final.jar:/Users/rashmithadevadiga/.m2/repository/io/netty/netty-transport-classes-epoll/4.1.92.Final/netty-transport-classes-epoll-4.1.92.Final.jar:/Users/rashmithadevadiga/.m2/repository/io/netty/netty-transport-classes-kqueue/4.1.92.Final/netty-transport-classes-kqueue-4.1.92.Final.jar:/Users/rashmithadevadiga/.m2/repository/io/netty/netty-transport-native-epoll/4.1.92.Final/netty-transport-native-epoll-4.1.92.Final.jar:/Users/rashmithadevadiga/.m2/repository/io/netty/netty-transport-native-kqueue/4.1.92.Final/netty-transport-native-kqueue-4.1.92.Final.jar:/Users/rashmithadevadiga/.m2/repository/io/netty/netty-transport-native-unix-common/4.1.92.Final/netty-transport-native-unix-common-4.1.92.Final.jar:/Users/rashmithadevadiga/.m2/repository/io/netty/netty-transport/4.1.92.Final/netty-transport-4.1.92.Final.jar:/Users/rashmithadevadiga/.m2/repository/io/netty/netty-resolver/4.1.92.Final/netty-resolver-4.1.92.Final.jar:/Users/rashmithadevadiga/.m2/repository/io/opentelemetry/opentelemetry-api/1.26.0/opentelemetry-api-1.26.0.jar:/Users/rashmithadevadiga/.m2/repository/io/opentelemetry/opentelemetry-context/1.26.0/opentelemetry-context-1.26.0.jar:/Users/rashmithadevadiga/.m2/repository/io/opentelemetry/opentelemetry-exporter-logging/1.26.0/opentelemetry-exporter-logging-1.26.0.jar:/Users/rashmithadevadiga/.m2/repository/io/opentelemetry/opentelemetry-sdk-metrics/1.26.0/opentelemetry-sdk-metrics-1.26.0.jar:/Users/rashmithadevadiga/.m2/repository/io/opentelemetry/opentelemetry-extension-incubator/1.26.0-alpha/opentelemetry-extension-incubator-1.26.0-alpha.jar:/Users/rashmithadevadiga/.m2/repository/io/opentelemetry/opentelemetry-sdk-logs/1.26.0-alpha/opentelemetry-sdk-logs-1.26.0-alpha.jar:/Users/rashmithadevadiga/.m2/repository/io/opentelemetry/opentelemetry-api-logs/1.26.0-alpha/opentelemetry-api-logs-1.26.0-alpha.jar:/Users/rashmithadevadiga/.m2/repository/io/opentelemetry/opentelemetry-api-events/1.26.0-alpha/opentelemetry-api-events-1.26.0-alpha.jar:/Users/rashmithadevadiga/.m2/repository/io/opentelemetry/opentelemetry-sdk-common/1.26.0/opentelemetry-sdk-common-1.26.0.jar:/Users/rashmithadevadiga/.m2/repository/io/opentelemetry/opentelemetry-sdk-extension-autoconfigure-spi/1.26.0/opentelemetry-sdk-extension-autoconfigure-spi-1.26.0.jar:/Users/rashmithadevadiga/.m2/repository/io/opentelemetry/opentelemetry-sdk-extension-autoconfigure/1.26.0-alpha/opentelemetry-sdk-extension-autoconfigure-1.26.0-alpha.jar:/Users/rashmithadevadiga/.m2/repository/io/opentelemetry/opentelemetry-sdk-trace/1.26.0/opentelemetry-sdk-trace-1.26.0.jar:/Users/rashmithadevadiga/.m2/repository/io/opentelemetry/opentelemetry-sdk/1.26.0/opentelemetry-sdk-1.26.0.jar:/Users/rashmithadevadiga/.m2/repository/io/opentelemetry/opentelemetry-semconv/1.26.0-alpha/opentelemetry-semconv-1.26.0-alpha.jar:/Users/rashmithadevadiga/.m2/repository/net/bytebuddy/byte-buddy/1.14.4/byte-buddy-1.14.4.jar:/Users/rashmithadevadiga/.m2/repository/org/apache/commons/commons-exec/1.3/commons-exec-1.3.jar:/Users/rashmithadevadiga/.m2/repository/org/asynchttpclient/async-http-client/2.12.3/async-http-client-2.12.3.jar:/Users/rashmithadevadiga/.m2/repository/org/asynchttpclient/async-http-client-netty-utils/2.12.3/async-http-client-netty-utils-2.12.3.jar:/Users/rashmithadevadiga/.m2/repository/io/netty/netty-codec-socks/4.1.60.Final/netty-codec-socks-4.1.60.Final.jar:/Users/rashmithadevadiga/.m2/repository/io/netty/netty-handler-proxy/4.1.60.Final/netty-handler-proxy-4.1.60.Final.jar:/Users/rashmithadevadiga/.m2/repository/io/netty/netty-transport-native-epoll/4.1.60.Final/netty-transport-native-epoll-4.1.60.Final-linux-x86_64.jar:/Users/rashmithadevadiga/.m2/repository/io/netty/netty-transport-native-kqueue/4.1.60.Final/netty-transport-native-kqueue-4.1.60.Final-osx-x86_64.jar:/Users/rashmithadevadiga/.m2/repository/com/typesafe/netty/netty-reactive-streams/2.0.4/netty-reactive-streams-2.0.4.jar:/Users/rashmithadevadiga/.m2/repository/com/sun/activation/jakarta.activation/1.2.2/jakarta.activation-1.2.2.jar:/Users/rashmithadevadiga/.m2/repository/org/seleniumhq/selenium/selenium-safari-driver/4.11.0/selenium-safari-driver-4.11.0.jar:/Users/rashmithadevadiga/.m2/repository/org/seleniumhq/selenium/selenium-support/4.11.0/selenium-support-4.11.0.jar:/Users/rashmithadevadiga/.m2/repository/org/testng/testng/7.8.0/testng-7.8.0.jar:/Users/rashmithadevadiga/.m2/repository/com/beust/jcommander/1.82/jcommander-1.82.jar:/Users/rashmithadevadiga/.m2/repository/org/webjars/jquery/3.6.1/jquery-3.6.1.jar:/Users/rashmithadevadiga/.m2/repository/org/apache/poi/poi-ooxml/5.2.3/poi-ooxml-5.2.3.jar:/Users/rashmithadevadiga/.m2/repository/org/apache/poi/poi-ooxml-lite/5.2.3/poi-ooxml-lite-5.2.3.jar:/Users/rashmithadevadiga/.m2/repository/org/apache/commons/commons-compress/1.21/commons-compress-1.21.jar:/Users/rashmithadevadiga/.m2/repository/com/github/virtuald/curvesapi/1.07/curvesapi-1.07.jar:/Users/rashmithadevadiga/.m2/repository/org/apache/logging/log4j/log4j-api/2.18.0/log4j-api-2.18.0.jar:/Users/rashmithadevadiga/.m2/repository/org/apache/xmlbeans/xmlbeans/5.1.1/xmlbeans-5.1.1.jar:/Users/rashmithadevadiga/.m2/repository/org/apache/commons/commons-collections4/4.4/commons-collections4-4.4.jar:/Users/rashmithadevadiga/.m2/repository/org/slf4j/slf4j-api/1.7.32/slf4j-api-1.7.32.jar:/Users/rashmithadevadiga/.m2/repository/ch/qos/logback/logback-classic/1.2.6/logback-classic-1.2.6.jar:/Users/rashmithadevadiga/.m2/repository/ch/qos/logback/logback-core/1.2.6/logback-core-1.2.6.jar:/Users/rashmithadevadiga/.m2/repository/org/apache/logging/log4j/log4j-core/2.14.1/log4j-core-2.14.1.jar:/Users/rashmithadevadiga/.m2/repository/org/apache/poi/poi/5.2.3/poi-5.2.3.jar:/Users/rashmithadevadiga/.m2/repository/commons-codec/commons-codec/1.15/commons-codec-1.15.jar:/Users/rashmithadevadiga/.m2/repository/org/apache/commons/commons-math3/3.6.1/commons-math3-3.6.1.jar:/Users/rashmithadevadiga/.m2/repository/com/zaxxer/SparseBitSet/1.2/SparseBitSet-1.2.jar:/Users/rashmithadevadiga/.m2/repository/io/github/bonigarcia/webdrivermanager/5.4.1/webdrivermanager-5.4.1.jar:/Users/rashmithadevadiga/.m2/repository/com/google/code/gson/gson/2.10.1/gson-2.10.1.jar:/Users/rashmithadevadiga/.m2/repository/com/github/docker-java/docker-java/3.3.2/docker-java-3.3.2.jar:/Users/rashmithadevadiga/.m2/repository/com/github/docker-java/docker-java-core/3.3.2/docker-java-core-3.3.2.jar:/Users/rashmithadevadiga/.m2/repository/com/github/docker-java/docker-java-api/3.3.2/docker-java-api-3.3.2.jar:/Users/rashmithadevadiga/.m2/repository/com/fasterxml/jackson/core/jackson-annotations/2.10.3/jackson-annotations-2.10.3.jar:/Users/rashmithadevadiga/.m2/repository/com/fasterxml/jackson/core/jackson-databind/2.10.3/jackson-databind-2.10.3.jar:/Users/rashmithadevadiga/.m2/repository/com/fasterxml/jackson/core/jackson-core/2.10.3/jackson-core-2.10.3.jar:/Users/rashmithadevadiga/.m2/repository/org/bouncycastle/bcpkix-jdk15on/1.64/bcpkix-jdk15on-1.64.jar:/Users/rashmithadevadiga/.m2/repository/org/bouncycastle/bcprov-jdk15on/1.64/bcprov-jdk15on-1.64.jar:/Users/rashmithadevadiga/.m2/repository/org/slf4j/jcl-over-slf4j/1.7.30/jcl-over-slf4j-1.7.30.jar:/Users/rashmithadevadiga/.m2/repository/com/github/docker-java/docker-java-transport-httpclient5/3.3.2/docker-java-transport-httpclient5-3.3.2.jar:/Users/rashmithadevadiga/.m2/repository/com/github/docker-java/docker-java-transport/3.3.2/docker-java-transport-3.3.2.jar:/Users/rashmithadevadiga/.m2/repository/net/java/dev/jna/jna/5.12.1/jna-5.12.1.jar:/Users/rashmithadevadiga/.m2/repository/org/brotli/dec/0.1.2/dec-0.1.2.jar:/Users/rashmithadevadiga/.m2/repository/org/apache/commons/commons-lang3/3.12.0/commons-lang3-3.12.0.jar:/Users/rashmithadevadiga/.m2/repository/org/apache/httpcomponents/client5/httpclient5/5.2.1/httpclient5-5.2.1.jar:/Users/rashmithadevadiga/.m2/repository/org/apache/httpcomponents/core5/httpcore5/5.2/httpcore5-5.2.jar:/Users/rashmithadevadiga/.m2/repository/org/apache/httpcomponents/core5/httpcore5-h2/5.2/httpcore5-h2-5.2.jar:/Users/rashmithadevadiga/.m2/repository/com/aventstack/extentreports/5.1.1/extentreports-5.1.1.jar:/Users/rashmithadevadiga/.m2/repository/io/reactivex/rxjava3/rxjava/3.1.6/rxjava-3.1.6.jar:/Users/rashmithadevadiga/.m2/repository/org/reactivestreams/reactive-streams/1.0.4/reactive-streams-1.0.4.jar:/Users/rashmithadevadiga/.m2/repository/org/freemarker/freemarker/2.3.32/freemarker-2.3.32.jar:/Users/rashmithadevadiga/.m2/repository/org/projectlombok/lombok/1.18.26/lombok-1.18.26.jar:/Users/rashmithadevadiga/.m2/repository/commons-io/commons-io/2.15.1/commons-io-2.15.1.jar:"/>
    <property name="java.vm.vendor" value="Azul Systems, Inc."/>
    <property name="sun.arch.data.model" value="64"/>
    <property name="java.vendor.url" value="http://www.azul.com/"/>
    <property name="user.timezone" value="Asia/Kolkata"/>
    <property name="java.vm.specification.version" value="11"/>
    <property name="os.name" value="Mac OS X"/>
    <property name="sun.java.launcher" value="SUN_STANDARD"/>
    <property name="user.country" value="IN"/>
    <property name="sun.boot.library.path" value="/Users/rashmithadevadiga/.sdkman/candidates/java/11.0.23-zulu/zulu-11.jdk/Contents/Home/lib"/>
    <property name="sun.java.command" value="/Users/rashmithadevadiga/eclipse-workspace/ONDC/target/surefire/surefirebooter-20240717151210628_3.jar /Users/rashmithadevadiga/eclipse-workspace/ONDC/target/surefire 2024-07-17T15-12-10_516-jvmRun1 surefire-20240717151210628_1tmp surefire_0-20240717151210628_2tmp"/>
    <property name="http.nonProxyHosts" value="local|*.local|169.254/16|*.169.254/16"/>
    <property name="jdk.debug" value="release"/>
    <property name="surefire.test.class.path" value="/Users/rashmithadevadiga/eclipse-workspace/ONDC/target/test-classes:/Users/rashmithadevadiga/eclipse-workspace/ONDC/target/classes:/Users/rashmithadevadiga/.m2/repository/io/github/qsy7/java/modules/browser/drivers/chromedriver/0.3.3/chromedriver-0.3.3.jar:/Users/rashmithadevadiga/.m2/repository/io/github/qsy7/java/modules/browser/api/service/0.3.3/service-0.3.3.jar:/Users/rashmithadevadiga/.m2/repository/io/github/qsy7/java/modules/browser/api/model/0.3.3/model-0.3.3.jar:/Users/rashmithadevadiga/.m2/repository/io/github/qsy7/java/infrastructure/property/api/0.3.3/api-0.3.3.jar:/Users/rashmithadevadiga/.m2/repository/org/reflections/reflections/0.10.2/reflections-0.10.2.jar:/Users/rashmithadevadiga/.m2/repository/org/javassist/javassist/3.28.0-GA/javassist-3.28.0-GA.jar:/Users/rashmithadevadiga/.m2/repository/org/dom4j/dom4j/2.1.4/dom4j-2.1.4.jar:/Users/rashmithadevadiga/.m2/repository/io/github/qsy7/java/modules/identity/api/model/0.3.3/model-0.3.3.jar:/Users/rashmithadevadiga/.m2/repository/io/github/qsy7/java/modules/person/api/model/0.3.3/model-0.3.3.jar:/Users/rashmithadevadiga/.m2/repository/org/passay/passay/1.6.4/passay-1.6.4.jar:/Users/rashmithadevadiga/.m2/repository/io/github/qsy7/java/modules/serialization/api/service/0.3.3/service-0.3.3.jar:/Users/rashmithadevadiga/.m2/repository/io/github/qsy7/java/modules/serialization/api/model/0.3.3/model-0.3.3.jar:/Users/rashmithadevadiga/.m2/repository/io/github/qsy7/java/modules/keep-alive/0.3.3/keep-alive-0.3.3.jar:/Users/rashmithadevadiga/.m2/repository/io/github/qsy7/java/modules/file/modules/resources/0.3.3/resources-0.3.3.jar:/Users/rashmithadevadiga/.m2/repository/io/github/qsy7/java/infrastructure/inject/modules/cli/api/0.3.3/api-0.3.3.jar:/Users/rashmithadevadiga/.m2/repository/io/github/qsy7/java/advice/closeable/0.3.3/closeable-0.3.3.jar:/Users/rashmithadevadiga/.m2/repository/net/bytebuddy/byte-buddy-agent/1.14.11/byte-buddy-agent-1.14.11.jar:/Users/rashmithadevadiga/.m2/repository/io/github/qsy7/java/infrastructure/datastore/api/repository/0.3.3/repository-0.3.3.jar:/Users/rashmithadevadiga/.m2/repository/io/github/qsy7/java/infrastructure/datastore/api/model/0.3.3/model-0.3.3.jar:/Users/rashmithadevadiga/.m2/repository/org/datanucleus/javax.jdo/3.2.1/javax.jdo-3.2.1.jar:/Users/rashmithadevadiga/.m2/repository/org/glassfish/corba/glassfish-corba-omgapi/4.2.2/glassfish-corba-omgapi-4.2.2.jar:/Users/rashmithadevadiga/.m2/repository/org/datanucleus/datanucleus-api-jdo/6.0.1/datanucleus-api-jdo-6.0.1.jar:/Users/rashmithadevadiga/.m2/repository/org/datanucleus/datanucleus-core/6.0.6/datanucleus-core-6.0.6.jar:/Users/rashmithadevadiga/.m2/repository/org/datanucleus/datanucleus-jdo-query/6.0.1/datanucleus-jdo-query-6.0.1.jar:/Users/rashmithadevadiga/.m2/repository/javax/transaction/javax.transaction-api/1.3/javax.transaction-api-1.3.jar:/Users/rashmithadevadiga/.m2/repository/io/github/qsy7/java/modules/browser/impl/0.3.3/impl-0.3.3.jar:/Users/rashmithadevadiga/.m2/repository/io/github/qsy7/java/modules/file/api/model/0.3.3/model-0.3.3.jar:/Users/rashmithadevadiga/.m2/repository/io/github/qsy7/java/modules/file/api/service/0.3.3/service-0.3.3.jar:/Users/rashmithadevadiga/.m2/repository/io/github/qsy7/java/modules/file/impl/0.3.3/impl-0.3.3.jar:/Users/rashmithadevadiga/.m2/repository/io/github/qsy7/java/modules/compression/api/service/0.3.3/service-0.3.3.jar:/Users/rashmithadevadiga/.m2/repository/io/github/qsy7/java/modules/compression/api/model/0.3.3/model-0.3.3.jar:/Users/rashmithadevadiga/.m2/repository/org/tukaani/xz/1.9/xz-1.9.jar:/Users/rashmithadevadiga/.m2/repository/io/github/qsy7/java/modules/compression/modules/xz/impl/0.3.3/impl-0.3.3.jar:/Users/rashmithadevadiga/.m2/repository/io/github/qsy7/java/modules/encryption/api/0.3.3/api-0.3.3.jar:/Users/rashmithadevadiga/.m2/repository/io/github/qsy7/java/modules/encryption/impl/0.3.3/impl-0.3.3.jar:/Users/rashmithadevadiga/.m2/repository/org/apache/commons/commons-text/1.11.0/commons-text-1.11.0.jar:/Users/rashmithadevadiga/.m2/repository/org/apache/commons/commons-crypto/1.2.0/commons-crypto-1.2.0.jar:/Users/rashmithadevadiga/.m2/repository/com/sun/xml/bind/jaxb-impl/2.3.7/jaxb-impl-2.3.7.jar:/Users/rashmithadevadiga/.m2/repository/jakarta/xml/bind/jakarta.xml.bind-api/2.3.3/jakarta.xml.bind-api-2.3.3.jar:/Users/rashmithadevadiga/.m2/repository/io/github/qsy7/java/infrastructure/inject/core/0.3.3/core-0.3.3.jar:/Users/rashmithadevadiga/.m2/repository/jakarta/inject/jakarta.inject-api/2.0.1.MR/jakarta.inject-api-2.0.1.MR.jar:/Users/rashmithadevadiga/.m2/repository/io/github/qsy7/java/infrastructure/property/impl/0.3.3/impl-0.3.3.jar:/Users/rashmithadevadiga/.m2/repository/io/github/qsy7/java/advice/logging/api/0.3.3/api-0.3.3.jar:/Users/rashmithadevadiga/.m2/repository/jakarta/enterprise/jakarta.enterprise.cdi-api/4.1.0-M1/jakarta.enterprise.cdi-api-4.1.0-M1.jar:/Users/rashmithadevadiga/.m2/repository/jakarta/enterprise/jakarta.enterprise.lang-model/4.1.0-M1/jakarta.enterprise.lang-model-4.1.0-M1.jar:/Users/rashmithadevadiga/.m2/repository/jakarta/annotation/jakarta.annotation-api/3.0.0-M1/jakarta.annotation-api-3.0.0-M1.jar:/Users/rashmithadevadiga/.m2/repository/jakarta/el/jakarta.el-api/5.0.1/jakarta.el-api-5.0.1.jar:/Users/rashmithadevadiga/.m2/repository/jakarta/interceptor/jakarta.interceptor-api/2.2.0-M1/jakarta.interceptor-api-2.2.0-M1.jar:/Users/rashmithadevadiga/.m2/repository/io/github/qsy7/java/infrastructure/property/modules/environment/0.3.3/environment-0.3.3.jar:/Users/rashmithadevadiga/.m2/repository/io/github/qsy7/java/infrastructure/property/modules/manifest/0.3.3/manifest-0.3.3.jar:/Users/rashmithadevadiga/.m2/repository/com/jcabi/jcabi-manifests/2.1.0/jcabi-manifests-2.1.0.jar:/Users/rashmithadevadiga/.m2/repository/com/jcabi/jcabi-log/0.22.0/jcabi-log-0.22.0.jar:/Users/rashmithadevadiga/.m2/repository/org/mockito/mockito-core/4.6.1/mockito-core-4.6.1.jar:/Users/rashmithadevadiga/.m2/repository/org/objenesis/objenesis/3.2/objenesis-3.2.jar:/Users/rashmithadevadiga/.m2/repository/io/github/qsy7/java/modules/shell/api/model/0.3.3/model-0.3.3.jar:/Users/rashmithadevadiga/.m2/repository/io/github/qsy7/java/infrastructure/datastore/impl/0.3.3/impl-0.3.3.jar:/Users/rashmithadevadiga/.m2/repository/org/seleniumhq/selenium/selenium-java/4.11.0/selenium-java-4.11.0.jar:/Users/rashmithadevadiga/.m2/repository/org/seleniumhq/selenium/selenium-api/4.11.0/selenium-api-4.11.0.jar:/Users/rashmithadevadiga/.m2/repository/org/seleniumhq/selenium/selenium-chrome-driver/4.11.0/selenium-chrome-driver-4.11.0.jar:/Users/rashmithadevadiga/.m2/repository/com/google/auto/service/auto-service-annotations/1.0.1/auto-service-annotations-1.0.1.jar:/Users/rashmithadevadiga/.m2/repository/com/google/guava/guava/31.1-jre/guava-31.1-jre.jar:/Users/rashmithadevadiga/.m2/repository/com/google/guava/failureaccess/1.0.1/failureaccess-1.0.1.jar:/Users/rashmithadevadiga/.m2/repository/com/google/guava/listenablefuture/9999.0-empty-to-avoid-conflict-with-guava/listenablefuture-9999.0-empty-to-avoid-conflict-with-guava.jar:/Users/rashmithadevadiga/.m2/repository/com/google/code/findbugs/jsr305/3.0.2/jsr305-3.0.2.jar:/Users/rashmithadevadiga/.m2/repository/org/checkerframework/checker-qual/3.12.0/checker-qual-3.12.0.jar:/Users/rashmithadevadiga/.m2/repository/com/google/errorprone/error_prone_annotations/2.11.0/error_prone_annotations-2.11.0.jar:/Users/rashmithadevadiga/.m2/repository/com/google/j2objc/j2objc-annotations/1.3/j2objc-annotations-1.3.jar:/Users/rashmithadevadiga/.m2/repository/org/seleniumhq/selenium/selenium-chromium-driver/4.11.0/selenium-chromium-driver-4.11.0.jar:/Users/rashmithadevadiga/.m2/repository/org/seleniumhq/selenium/selenium-json/4.11.0/selenium-json-4.11.0.jar:/Users/rashmithadevadiga/.m2/repository/org/seleniumhq/selenium/selenium-manager/4.11.0/selenium-manager-4.11.0.jar:/Users/rashmithadevadiga/.m2/repository/org/seleniumhq/selenium/selenium-devtools-v113/4.11.0/selenium-devtools-v113-4.11.0.jar:/Users/rashmithadevadiga/.m2/repository/org/seleniumhq/selenium/selenium-devtools-v114/4.11.0/selenium-devtools-v114-4.11.0.jar:/Users/rashmithadevadiga/.m2/repository/org/seleniumhq/selenium/selenium-devtools-v115/4.11.0/selenium-devtools-v115-4.11.0.jar:/Users/rashmithadevadiga/.m2/repository/org/seleniumhq/selenium/selenium-devtools-v85/4.11.0/selenium-devtools-v85-4.11.0.jar:/Users/rashmithadevadiga/.m2/repository/org/seleniumhq/selenium/selenium-edge-driver/4.11.0/selenium-edge-driver-4.11.0.jar:/Users/rashmithadevadiga/.m2/repository/org/seleniumhq/selenium/selenium-firefox-driver/4.11.0/selenium-firefox-driver-4.11.0.jar:/Users/rashmithadevadiga/.m2/repository/org/seleniumhq/selenium/selenium-http/4.11.0/selenium-http-4.11.0.jar:/Users/rashmithadevadiga/.m2/repository/dev/failsafe/failsafe/3.3.1/failsafe-3.3.1.jar:/Users/rashmithadevadiga/.m2/repository/org/seleniumhq/selenium/selenium-ie-driver/4.11.0/selenium-ie-driver-4.11.0.jar:/Users/rashmithadevadiga/.m2/repository/org/seleniumhq/selenium/selenium-remote-driver/4.11.0/selenium-remote-driver-4.11.0.jar:/Users/rashmithadevadiga/.m2/repository/io/netty/netty-buffer/4.1.92.Final/netty-buffer-4.1.92.Final.jar:/Users/rashmithadevadiga/.m2/repository/io/netty/netty-codec-http/4.1.92.Final/netty-codec-http-4.1.92.Final.jar:/Users/rashmithadevadiga/.m2/repository/io/netty/netty-codec/4.1.92.Final/netty-codec-4.1.92.Final.jar:/Users/rashmithadevadiga/.m2/repository/io/netty/netty-handler/4.1.92.Final/netty-handler-4.1.92.Final.jar:/Users/rashmithadevadiga/.m2/repository/io/netty/netty-common/4.1.92.Final/netty-common-4.1.92.Final.jar:/Users/rashmithadevadiga/.m2/repository/io/netty/netty-transport-classes-epoll/4.1.92.Final/netty-transport-classes-epoll-4.1.92.Final.jar:/Users/rashmithadevadiga/.m2/repository/io/netty/netty-transport-classes-kqueue/4.1.92.Final/netty-transport-classes-kqueue-4.1.92.Final.jar:/Users/rashmithadevadiga/.m2/repository/io/netty/netty-transport-native-epoll/4.1.92.Final/netty-transport-native-epoll-4.1.92.Final.jar:/Users/rashmithadevadiga/.m2/repository/io/netty/netty-transport-native-kqueue/4.1.92.Final/netty-transport-native-kqueue-4.1.92.Final.jar:/Users/rashmithadevadiga/.m2/repository/io/netty/netty-transport-native-unix-common/4.1.92.Final/netty-transport-native-unix-common-4.1.92.Final.jar:/Users/rashmithadevadiga/.m2/repository/io/netty/netty-transport/4.1.92.Final/netty-transport-4.1.92.Final.jar:/Users/rashmithadevadiga/.m2/repository/io/netty/netty-resolver/4.1.92.Final/netty-resolver-4.1.92.Final.jar:/Users/rashmithadevadiga/.m2/repository/io/opentelemetry/opentelemetry-api/1.26.0/opentelemetry-api-1.26.0.jar:/Users/rashmithadevadiga/.m2/repository/io/opentelemetry/opentelemetry-context/1.26.0/opentelemetry-context-1.26.0.jar:/Users/rashmithadevadiga/.m2/repository/io/opentelemetry/opentelemetry-exporter-logging/1.26.0/opentelemetry-exporter-logging-1.26.0.jar:/Users/rashmithadevadiga/.m2/repository/io/opentelemetry/opentelemetry-sdk-metrics/1.26.0/opentelemetry-sdk-metrics-1.26.0.jar:/Users/rashmithadevadiga/.m2/repository/io/opentelemetry/opentelemetry-extension-incubator/1.26.0-alpha/opentelemetry-extension-incubator-1.26.0-alpha.jar:/Users/rashmithadevadiga/.m2/repository/io/opentelemetry/opentelemetry-sdk-logs/1.26.0-alpha/opentelemetry-sdk-logs-1.26.0-alpha.jar:/Users/rashmithadevadiga/.m2/repository/io/opentelemetry/opentelemetry-api-logs/1.26.0-alpha/opentelemetry-api-logs-1.26.0-alpha.jar:/Users/rashmithadevadiga/.m2/repository/io/opentelemetry/opentelemetry-api-events/1.26.0-alpha/opentelemetry-api-events-1.26.0-alpha.jar:/Users/rashmithadevadiga/.m2/repository/io/opentelemetry/opentelemetry-sdk-common/1.26.0/opentelemetry-sdk-common-1.26.0.jar:/Users/rashmithadevadiga/.m2/repository/io/opentelemetry/opentelemetry-sdk-extension-autoconfigure-spi/1.26.0/opentelemetry-sdk-extension-autoconfigure-spi-1.26.0.jar:/Users/rashmithadevadiga/.m2/repository/io/opentelemetry/opentelemetry-sdk-extension-autoconfigure/1.26.0-alpha/opentelemetry-sdk-extension-autoconfigure-1.26.0-alpha.jar:/Users/rashmithadevadiga/.m2/repository/io/opentelemetry/opentelemetry-sdk-trace/1.26.0/opentelemetry-sdk-trace-1.26.0.jar:/Users/rashmithadevadiga/.m2/repository/io/opentelemetry/opentelemetry-sdk/1.26.0/opentelemetry-sdk-1.26.0.jar:/Users/rashmithadevadiga/.m2/repository/io/opentelemetry/opentelemetry-semconv/1.26.0-alpha/opentelemetry-semconv-1.26.0-alpha.jar:/Users/rashmithadevadiga/.m2/repository/net/bytebuddy/byte-buddy/1.14.4/byte-buddy-1.14.4.jar:/Users/rashmithadevadiga/.m2/repository/org/apache/commons/commons-exec/1.3/commons-exec-1.3.jar:/Users/rashmithadevadiga/.m2/repository/org/asynchttpclient/async-http-client/2.12.3/async-http-client-2.12.3.jar:/Users/rashmithadevadiga/.m2/repository/org/asynchttpclient/async-http-client-netty-utils/2.12.3/async-http-client-netty-utils-2.12.3.jar:/Users/rashmithadevadiga/.m2/repository/io/netty/netty-codec-socks/4.1.60.Final/netty-codec-socks-4.1.60.Final.jar:/Users/rashmithadevadiga/.m2/repository/io/netty/netty-handler-proxy/4.1.60.Final/netty-handler-proxy-4.1.60.Final.jar:/Users/rashmithadevadiga/.m2/repository/io/netty/netty-transport-native-epoll/4.1.60.Final/netty-transport-native-epoll-4.1.60.Final-linux-x86_64.jar:/Users/rashmithadevadiga/.m2/repository/io/netty/netty-transport-native-kqueue/4.1.60.Final/netty-transport-native-kqueue-4.1.60.Final-osx-x86_64.jar:/Users/rashmithadevadiga/.m2/repository/com/typesafe/netty/netty-reactive-streams/2.0.4/netty-reactive-streams-2.0.4.jar:/Users/rashmithadevadiga/.m2/repository/com/sun/activation/jakarta.activation/1.2.2/jakarta.activation-1.2.2.jar:/Users/rashmithadevadiga/.m2/repository/org/seleniumhq/selenium/selenium-safari-driver/4.11.0/selenium-safari-driver-4.11.0.jar:/Users/rashmithadevadiga/.m2/repository/org/seleniumhq/selenium/selenium-support/4.11.0/selenium-support-4.11.0.jar:/Users/rashmithadevadiga/.m2/repository/org/testng/testng/7.8.0/testng-7.8.0.jar:/Users/rashmithadevadiga/.m2/repository/com/beust/jcommander/1.82/jcommander-1.82.jar:/Users/rashmithadevadiga/.m2/repository/org/webjars/jquery/3.6.1/jquery-3.6.1.jar:/Users/rashmithadevadiga/.m2/repository/org/apache/poi/poi-ooxml/5.2.3/poi-ooxml-5.2.3.jar:/Users/rashmithadevadiga/.m2/repository/org/apache/poi/poi-ooxml-lite/5.2.3/poi-ooxml-lite-5.2.3.jar:/Users/rashmithadevadiga/.m2/repository/org/apache/commons/commons-compress/1.21/commons-compress-1.21.jar:/Users/rashmithadevadiga/.m2/repository/com/github/virtuald/curvesapi/1.07/curvesapi-1.07.jar:/Users/rashmithadevadiga/.m2/repository/org/apache/logging/log4j/log4j-api/2.18.0/log4j-api-2.18.0.jar:/Users/rashmithadevadiga/.m2/repository/org/apache/xmlbeans/xmlbeans/5.1.1/xmlbeans-5.1.1.jar:/Users/rashmithadevadiga/.m2/repository/org/apache/commons/commons-collections4/4.4/commons-collections4-4.4.jar:/Users/rashmithadevadiga/.m2/repository/org/slf4j/slf4j-api/1.7.32/slf4j-api-1.7.32.jar:/Users/rashmithadevadiga/.m2/repository/ch/qos/logback/logback-classic/1.2.6/logback-classic-1.2.6.jar:/Users/rashmithadevadiga/.m2/repository/ch/qos/logback/logback-core/1.2.6/logback-core-1.2.6.jar:/Users/rashmithadevadiga/.m2/repository/org/apache/logging/log4j/log4j-core/2.14.1/log4j-core-2.14.1.jar:/Users/rashmithadevadiga/.m2/repository/org/apache/poi/poi/5.2.3/poi-5.2.3.jar:/Users/rashmithadevadiga/.m2/repository/commons-codec/commons-codec/1.15/commons-codec-1.15.jar:/Users/rashmithadevadiga/.m2/repository/org/apache/commons/commons-math3/3.6.1/commons-math3-3.6.1.jar:/Users/rashmithadevadiga/.m2/repository/com/zaxxer/SparseBitSet/1.2/SparseBitSet-1.2.jar:/Users/rashmithadevadiga/.m2/repository/io/github/bonigarcia/webdrivermanager/5.4.1/webdrivermanager-5.4.1.jar:/Users/rashmithadevadiga/.m2/repository/com/google/code/gson/gson/2.10.1/gson-2.10.1.jar:/Users/rashmithadevadiga/.m2/repository/com/github/docker-java/docker-java/3.3.2/docker-java-3.3.2.jar:/Users/rashmithadevadiga/.m2/repository/com/github/docker-java/docker-java-core/3.3.2/docker-java-core-3.3.2.jar:/Users/rashmithadevadiga/.m2/repository/com/github/docker-java/docker-java-api/3.3.2/docker-java-api-3.3.2.jar:/Users/rashmithadevadiga/.m2/repository/com/fasterxml/jackson/core/jackson-annotations/2.10.3/jackson-annotations-2.10.3.jar:/Users/rashmithadevadiga/.m2/repository/com/fasterxml/jackson/core/jackson-databind/2.10.3/jackson-databind-2.10.3.jar:/Users/rashmithadevadiga/.m2/repository/com/fasterxml/jackson/core/jackson-core/2.10.3/jackson-core-2.10.3.jar:/Users/rashmithadevadiga/.m2/repository/org/bouncycastle/bcpkix-jdk15on/1.64/bcpkix-jdk15on-1.64.jar:/Users/rashmithadevadiga/.m2/repository/org/bouncycastle/bcprov-jdk15on/1.64/bcprov-jdk15on-1.64.jar:/Users/rashmithadevadiga/.m2/repository/org/slf4j/jcl-over-slf4j/1.7.30/jcl-over-slf4j-1.7.30.jar:/Users/rashmithadevadiga/.m2/repository/com/github/docker-java/docker-java-transport-httpclient5/3.3.2/docker-java-transport-httpclient5-3.3.2.jar:/Users/rashmithadevadiga/.m2/repository/com/github/docker-java/docker-java-transport/3.3.2/docker-java-transport-3.3.2.jar:/Users/rashmithadevadiga/.m2/repository/net/java/dev/jna/jna/5.12.1/jna-5.12.1.jar:/Users/rashmithadevadiga/.m2/repository/org/brotli/dec/0.1.2/dec-0.1.2.jar:/Users/rashmithadevadiga/.m2/repository/org/apache/commons/commons-lang3/3.12.0/commons-lang3-3.12.0.jar:/Users/rashmithadevadiga/.m2/repository/org/apache/httpcomponents/client5/httpclient5/5.2.1/httpclient5-5.2.1.jar:/Users/rashmithadevadiga/.m2/repository/org/apache/httpcomponents/core5/httpcore5/5.2/httpcore5-5.2.jar:/Users/rashmithadevadiga/.m2/repository/org/apache/httpcomponents/core5/httpcore5-h2/5.2/httpcore5-h2-5.2.jar:/Users/rashmithadevadiga/.m2/repository/com/aventstack/extentreports/5.1.1/extentreports-5.1.1.jar:/Users/rashmithadevadiga/.m2/repository/io/reactivex/rxjava3/rxjava/3.1.6/rxjava-3.1.6.jar:/Users/rashmithadevadiga/.m2/repository/org/reactivestreams/reactive-streams/1.0.4/reactive-streams-1.0.4.jar:/Users/rashmithadevadiga/.m2/repository/org/freemarker/freemarker/2.3.32/freemarker-2.3.32.jar:/Users/rashmithadevadiga/.m2/repository/org/projectlombok/lombok/1.18.26/lombok-1.18.26.jar:/Users/rashmithadevadiga/.m2/repository/commons-io/commons-io/2.15.1/commons-io-2.15.1.jar:"/>
    <property name="sun.cpu.endian" value="little"/>
    <property name="user.home" value="/Users/rashmithadevadiga"/>
    <property name="user.language" value="en"/>
    <property name="java.specification.vendor" value="Oracle Corporation"/>
    <property name="java.version.date" value="2024-04-16"/>
    <property name="java.home" value="/Users/rashmithadevadiga/.sdkman/candidates/java/11.0.23-zulu/zulu-11.jdk/Contents/Home"/>
    <property name="file.separator" value="/"/>
    <property name="basedir" value="/Users/rashmithadevadiga/eclipse-workspace/ONDC"/>
    <property name="java.vm.compressedOopsMode" value="Zero based"/>
    <property name="line.separator" value="&#10;"/>
    <property name="java.specification.name" value="Java Platform API Specification"/>
    <property name="java.vm.specification.vendor" value="Oracle Corporation"/>
    <property name="jdk.vendor.version" value="Zulu11.72+19-CA"/>
    <property name="java.awt.graphicsenv" value="sun.awt.CGraphicsEnvironment"/>
    <property name="surefire.real.class.path" value="/Users/rashmithadevadiga/eclipse-workspace/ONDC/target/surefire/surefirebooter-20240717151210628_3.jar"/>
    <property name="sun.management.compiler" value="HotSpot 64-Bit Tiered Compilers"/>
    <property name="ftp.nonProxyHosts" value="local|*.local|169.254/16|*.169.254/16"/>
    <property name="java.runtime.version" value="11.0.23+9-LTS"/>
    <property name="user.name" value="rashmithadevadiga"/>
    <property name="path.separator" value=":"/>
    <property name="os.version" value="14.2.1"/>
    <property name="java.runtime.name" value="OpenJDK Runtime Environment"/>
    <property name="file.encoding" value="UTF-8"/>
    <property name="java.vm.name" value="OpenJDK 64-Bit Server VM"/>
    <property name="java.vendor.version" value="Zulu11.72+19-CA"/>
    <property name="localRepository" value="/Users/rashmithadevadiga/.m2/repository"/>
    <property name="java.vendor.url.bug" value="http://www.azul.com/support/"/>
    <property name="java.io.tmpdir" value="/var/folders/kx/1kh5mmwj07vfth83dzzxh6rc0000gn/T/"/>
    <property name="java.version" value="11.0.23"/>
    <property name="user.dir" value="/Users/rashmithadevadiga/eclipse-workspace/ONDC"/>
    <property name="os.arch" value="x86_64"/>
    <property name="java.vm.specification.name" value="Java Virtual Machine Specification"/>
    <property name="java.awt.printerjob" value="sun.lwawt.macosx.CPrinterJob"/>
    <property name="sun.os.patch.level" value="unknown"/>
    <property name="java.library.path" value="/Users/rashmithadevadiga/Library/Java/Extensions:/Library/Java/Extensions:/Network/Library/Java/Extensions:/System/Library/Java/Extensions:/usr/lib/java:."/>
    <property name="java.vm.info" value="mixed mode"/>
    <property name="java.vendor" value="Azul Systems, Inc."/>
    <property name="java.vm.version" value="11.0.23+9-LTS"/>
    <property name="java.specification.maintenance.version" value="2"/>
    <property name="sun.io.unicode.encoding" value="UnicodeBig"/>
    <property name="java.class.version" value="55.0"/>
    <property name="socksNonProxyHosts" value="local|*.local|169.254/16|*.169.254/16"/>
  </properties>
  <testcase name="setUp" classname="base.BaseTest" time="6.771">
    <failure message="Could not start a new session. Response code 500. Message: session not created: This version of ChromeDriver only supports Chrome version 114&#10;Current browser version is 126.0.6478.183 with binary path /Applications/Google Chrome.app/Contents/MacOS/Google Chrome &#10;Host info: host: &apos;Rashmithas-MacBook-Pro.local&apos;, ip: &apos;fe80:0:0:0:8b1:8f41:5e43:5d65%en0&apos;&#10;Build info: version: &apos;4.11.0&apos;, revision: &apos;040bc5406b&apos;&#10;System info: os.name: &apos;Mac OS X&apos;, os.arch: &apos;x86_64&apos;, os.version: &apos;14.2.1&apos;, java.version: &apos;11.0.23&apos;&#10;Driver info: org.openqa.selenium.chrome.ChromeDriver&#10;Command: [null, newSession {capabilities=[Capabilities {browserName: chrome, goog:chromeOptions: {args: [--remote-allow-origins=*], extensions: []}}]}]" type="org.openqa.selenium.SessionNotCreatedException"><![CDATA[org.openqa.selenium.SessionNotCreatedException: 
Could not start a new session. Response code 500. Message: session not created: This version of ChromeDriver only supports Chrome version 114
Current browser version is 126.0.6478.183 with binary path /Applications/Google Chrome.app/Contents/MacOS/Google Chrome 
Host info: host: 'Rashmithas-MacBook-Pro.local', ip: 'fe80:0:0:0:8b1:8f41:5e43:5d65%en0'
Build info: version: '4.11.0', revision: '040bc5406b'
System info: os.name: 'Mac OS X', os.arch: 'x86_64', os.version: '14.2.1', java.version: '11.0.23'
Driver info: org.openqa.selenium.chrome.ChromeDriver
Command: [null, newSession {capabilities=[Capabilities {browserName: chrome, goog:chromeOptions: {args: [--remote-allow-origins=*], extensions: []}}]}]
	at org.openqa.selenium.remote.ProtocolHandshake.createSession(ProtocolHandshake.java:140)
	at org.openqa.selenium.remote.ProtocolHandshake.createSession(ProtocolHandshake.java:96)
	at org.openqa.selenium.remote.ProtocolHandshake.createSession(ProtocolHandshake.java:68)
	at org.openqa.selenium.remote.HttpCommandExecutor.execute(HttpCommandExecutor.java:163)
	at org.openqa.selenium.remote.service.DriverCommandExecutor.invokeExecute(DriverCommandExecutor.java:196)
	at org.openqa.selenium.remote.service.DriverCommandExecutor.execute(DriverCommandExecutor.java:171)
	at org.openqa.selenium.remote.RemoteWebDriver.execute(RemoteWebDriver.java:518)
	at org.openqa.selenium.remote.RemoteWebDriver.startSession(RemoteWebDriver.java:232)
	at org.openqa.selenium.remote.RemoteWebDriver.<init>(RemoteWebDriver.java:159)
	at org.openqa.selenium.chromium.ChromiumDriver.<init>(ChromiumDriver.java:108)
	at org.openqa.selenium.chrome.ChromeDriver.<init>(ChromeDriver.java:88)
	at org.openqa.selenium.chrome.ChromeDriver.<init>(ChromeDriver.java:83)
	at org.openqa.selenium.chrome.ChromeDriver.<init>(ChromeDriver.java:51)
	at base.BaseTest.setUp(BaseTest.java:46)
	at java.base/jdk.internal.reflect.NativeMethodAccessorImpl.invoke0(Native Method)
	at java.base/jdk.internal.reflect.NativeMethodAccessorImpl.invoke(NativeMethodAccessorImpl.java:62)
	at java.base/jdk.internal.reflect.DelegatingMethodAccessorImpl.invoke(DelegatingMethodAccessorImpl.java:43)
	at java.base/java.lang.reflect.Method.invoke(Method.java:566)
	at org.testng.internal.invokers.MethodInvocationHelper.invokeMethod(MethodInvocationHelper.java:139)
	at org.testng.internal.invokers.MethodInvocationHelper.invokeMethodConsideringTimeout(MethodInvocationHelper.java:69)
	at org.testng.internal.invokers.ConfigInvoker.invokeConfigurationMethod(ConfigInvoker.java:390)
	at org.testng.internal.invokers.ConfigInvoker.invokeConfigurations(ConfigInvoker.java:325)
	at org.testng.TestRunner.invokeTestConfigurations(TestRunner.java:663)
	at org.testng.TestRunner.beforeRun(TestRunner.java:652)
	at org.testng.TestRunner.run(TestRunner.java:614)
	at org.testng.SuiteRunner.runTest(SuiteRunner.java:443)
	at org.testng.SuiteRunner.runSequentially(SuiteRunner.java:437)
	at org.testng.SuiteRunner.privateRun(SuiteRunner.java:397)
	at org.testng.SuiteRunner.run(SuiteRunner.java:336)
	at org.testng.SuiteRunnerWorker.runSuite(SuiteRunnerWorker.java:52)
	at org.testng.SuiteRunnerWorker.run(SuiteRunnerWorker.java:95)
	at org.testng.TestNG.runSuitesSequentially(TestNG.java:1280)
	at org.testng.TestNG.runSuitesLocally(TestNG.java:1200)
	at org.testng.TestNG.runSuites(TestNG.java:1114)
	at org.testng.TestNG.run(TestNG.java:1082)
	at org.apache.maven.surefire.testng.TestNGExecutor.run(TestNGExecutor.java:155)
	at org.apache.maven.surefire.testng.TestNGDirectoryTestSuite.executeSingleClass(TestNGDirectoryTestSuite.java:102)
	at org.apache.maven.surefire.testng.TestNGDirectoryTestSuite.execute(TestNGDirectoryTestSuite.java:91)
	at org.apache.maven.surefire.testng.TestNGProvider.invoke(TestNGProvider.java:137)
	at org.apache.maven.surefire.booter.ForkedBooter.runSuitesInProcess(ForkedBooter.java:385)
	at org.apache.maven.surefire.booter.ForkedBooter.execute(ForkedBooter.java:162)
	at org.apache.maven.surefire.booter.ForkedBooter.run(ForkedBooter.java:507)
	at org.apache.maven.surefire.booter.ForkedBooter.main(ForkedBooter.java:495)
]]></failure>
    <system-out><![CDATA[15:12:12.622 [main] DEBUG io.github.bonigarcia.wdm.cache.ResolutionCache - Resolution chrome=126 in cache (valid until 16:05:00 17/07/2024 IST)
15:12:12.628 [main] DEBUG io.github.bonigarcia.wdm.cache.ResolutionCache - Resolution chrome126=114.0.5735.90 in cache (valid until 14:03:15 18/07/2024 IST)
15:12:12.629 [main] INFO io.github.bonigarcia.wdm.WebDriverManager - Using chromedriver 114.0.5735.90 (resolved driver for Chrome 126)
15:12:12.698 [main] DEBUG io.github.bonigarcia.wdm.WebDriverManager - Driver chromedriver 114.0.5735.90 found in cache
15:12:12.703 [main] INFO io.github.bonigarcia.wdm.WebDriverManager - Exporting webdriver.chrome.driver as /Users/rashmithadevadiga/.cache/selenium/chromedriver/mac64/114.0.5735.90/chromedriver
15:12:12.920 [main] DEBUG io.netty.util.internal.logging.InternalLoggerFactory - Using SLF4J as the default logging framework
15:12:12.925 [main] DEBUG io.netty.util.ResourceLeakDetector - -Dio.netty.leakDetection.level: simple
15:12:12.925 [main] DEBUG io.netty.util.ResourceLeakDetector - -Dio.netty.leakDetection.targetRecords: 4
15:12:12.930 [main] DEBUG io.netty.util.ResourceLeakDetectorFactory - Loaded default ResourceLeakDetector: io.netty.util.ResourceLeakDetector@1734f68
15:12:12.957 [main] DEBUG io.netty.util.internal.PlatformDependent0 - -Dio.netty.noUnsafe: false
15:12:12.958 [main] DEBUG io.netty.util.internal.PlatformDependent0 - Java version: 11
15:12:12.960 [main] DEBUG io.netty.util.internal.PlatformDependent0 - sun.misc.Unsafe.theUnsafe: available
15:12:12.961 [main] DEBUG io.netty.util.internal.PlatformDependent0 - sun.misc.Unsafe.copyMemory: available
15:12:12.961 [main] DEBUG io.netty.util.internal.PlatformDependent0 - sun.misc.Unsafe.storeFence: available
15:12:12.961 [main] DEBUG io.netty.util.internal.PlatformDependent0 - java.nio.Buffer.address: available
15:12:12.962 [main] DEBUG io.netty.util.internal.PlatformDependent0 - direct buffer constructor: unavailable: Reflective setAccessible(true) disabled
15:12:12.963 [main] DEBUG io.netty.util.internal.PlatformDependent0 - java.nio.Bits.unaligned: available, true
15:12:12.965 [main] DEBUG io.netty.util.internal.PlatformDependent0 - jdk.internal.misc.Unsafe.allocateUninitializedArray(int): unavailable: class io.netty.util.internal.PlatformDependent0$7 cannot access class jdk.internal.misc.Unsafe (in module java.base) because module java.base does not export jdk.internal.misc to unnamed module @512d92b
15:12:12.967 [main] DEBUG io.netty.util.internal.PlatformDependent0 - java.nio.DirectByteBuffer.<init>(long, int): unavailable
15:12:12.967 [main] DEBUG io.netty.util.internal.PlatformDependent - sun.misc.Unsafe: available
15:12:12.971 [main] DEBUG io.netty.util.internal.PlatformDependent - maxDirectMemory: 2147483648 bytes (maybe)
15:12:12.972 [main] DEBUG io.netty.util.internal.PlatformDependent - -Dio.netty.tmpdir: /var/folders/kx/1kh5mmwj07vfth83dzzxh6rc0000gn/T (java.io.tmpdir)
15:12:12.972 [main] DEBUG io.netty.util.internal.PlatformDependent - -Dio.netty.bitMode: 64 (sun.arch.data.model)
15:12:12.972 [main] DEBUG io.netty.util.internal.PlatformDependent - Platform: MacOS
15:12:12.973 [main] DEBUG io.netty.util.internal.PlatformDependent - -Dio.netty.maxDirectMemory: -1 bytes
15:12:12.973 [main] DEBUG io.netty.util.internal.PlatformDependent - -Dio.netty.uninitializedArrayAllocationThreshold: -1
15:12:12.974 [main] DEBUG io.netty.util.internal.CleanerJava9 - java.nio.ByteBuffer.cleaner(): available
15:12:12.975 [main] DEBUG io.netty.util.internal.PlatformDependent - -Dio.netty.noPreferDirect: false
15:12:12.986 [main] DEBUG io.netty.util.internal.PlatformDependent - org.jctools-core.MpscChunkedArrayQueue: available
15:12:13.017 [main] DEBUG io.netty.util.internal.InternalThreadLocalMap - -Dio.netty.threadLocalMap.stringBuilder.initialSize: 1024
15:12:13.017 [main] DEBUG io.netty.util.internal.InternalThreadLocalMap - -Dio.netty.threadLocalMap.stringBuilder.maxSize: 4096
15:12:13.068 [main] DEBUG io.netty.handler.ssl.JdkSslContext - Default protocols (JDK): [TLSv1.3, TLSv1.2] 
15:12:13.068 [main] DEBUG io.netty.handler.ssl.JdkSslContext - Default cipher suites (JDK): [TLS_ECDHE_ECDSA_WITH_AES_256_GCM_SHA384, TLS_ECDHE_ECDSA_WITH_AES_128_GCM_SHA256, TLS_ECDHE_RSA_WITH_AES_128_GCM_SHA256, TLS_ECDHE_RSA_WITH_AES_256_GCM_SHA384, TLS_ECDHE_RSA_WITH_AES_128_CBC_SHA, TLS_ECDHE_RSA_WITH_AES_256_CBC_SHA, TLS_RSA_WITH_AES_128_GCM_SHA256, TLS_RSA_WITH_AES_128_CBC_SHA, TLS_RSA_WITH_AES_256_CBC_SHA, TLS_AES_128_GCM_SHA256, TLS_AES_256_GCM_SHA384]
15:12:13.088 [main] DEBUG io.netty.util.concurrent.GlobalEventExecutor - -Dio.netty.globalEventExecutor.quietPeriodSeconds: 1
15:12:13.109 [main] DEBUG io.netty.channel.MultithreadEventLoopGroup - -Dio.netty.eventLoopThreads: 16
15:12:13.124 [main] DEBUG io.netty.channel.nio.NioEventLoop - -Dio.netty.noKeySetOptimization: false
15:12:13.124 [main] DEBUG io.netty.channel.nio.NioEventLoop - -Dio.netty.selectorAutoRebuildThreshold: 512
15:12:13.170 [main] DEBUG io.netty.buffer.PooledByteBufAllocator - -Dio.netty.allocator.numHeapArenas: 16
15:12:13.170 [main] DEBUG io.netty.buffer.PooledByteBufAllocator - -Dio.netty.allocator.numDirectArenas: 16
15:12:13.170 [main] DEBUG io.netty.buffer.PooledByteBufAllocator - -Dio.netty.allocator.pageSize: 8192
15:12:13.170 [main] DEBUG io.netty.buffer.PooledByteBufAllocator - -Dio.netty.allocator.maxOrder: 9
15:12:13.170 [main] DEBUG io.netty.buffer.PooledByteBufAllocator - -Dio.netty.allocator.chunkSize: 4194304
15:12:13.170 [main] DEBUG io.netty.buffer.PooledByteBufAllocator - -Dio.netty.allocator.smallCacheSize: 256
15:12:13.170 [main] DEBUG io.netty.buffer.PooledByteBufAllocator - -Dio.netty.allocator.normalCacheSize: 64
15:12:13.171 [main] DEBUG io.netty.buffer.PooledByteBufAllocator - -Dio.netty.allocator.maxCachedBufferCapacity: 32768
15:12:13.171 [main] DEBUG io.netty.buffer.PooledByteBufAllocator - -Dio.netty.allocator.cacheTrimInterval: 8192
15:12:13.171 [main] DEBUG io.netty.buffer.PooledByteBufAllocator - -Dio.netty.allocator.cacheTrimIntervalMillis: 0
15:12:13.171 [main] DEBUG io.netty.buffer.PooledByteBufAllocator - -Dio.netty.allocator.useCacheForAllThreads: false
15:12:13.171 [main] DEBUG io.netty.buffer.PooledByteBufAllocator - -Dio.netty.allocator.maxCachedByteBuffersPerChunk: 1023
15:12:13.187 [main] DEBUG io.netty.buffer.ByteBufUtil - -Dio.netty.allocator.type: pooled
15:12:13.187 [main] DEBUG io.netty.buffer.ByteBufUtil - -Dio.netty.threadLocalDirectBufferSize: 0
15:12:13.187 [main] DEBUG io.netty.buffer.ByteBufUtil - -Dio.netty.maxThreadLocalCharBufferSize: 16384
15:12:13.634 [Forwarding newSession on session null to remote] DEBUG io.netty.channel.DefaultChannelId - -Dio.netty.processId: 8298 (auto-detected)
15:12:13.637 [Forwarding newSession on session null to remote] DEBUG io.netty.util.NetUtil - -Djava.net.preferIPv4Stack: false
15:12:13.637 [Forwarding newSession on session null to remote] DEBUG io.netty.util.NetUtil - -Djava.net.preferIPv6Addresses: false
15:12:13.648 [Forwarding newSession on session null to remote] DEBUG io.netty.util.NetUtilInitializations - Loopback interface: lo0 (lo0, 0:0:0:0:0:0:0:1%lo0)
15:12:13.649 [Forwarding newSession on session null to remote] DEBUG io.netty.util.NetUtil - Failed to get SOMAXCONN from sysctl and file /proc/sys/net/core/somaxconn. Default: 128
15:12:13.651 [Forwarding newSession on session null to remote] DEBUG io.netty.channel.DefaultChannelId - -Dio.netty.machineId: ac:de:48:ff:fe:00:11:22 (auto-detected)
15:12:13.725 [AsyncHttpClient-1-2] DEBUG io.netty.buffer.AbstractByteBuf - -Dio.netty.buffer.checkAccessible: true
15:12:13.726 [AsyncHttpClient-1-2] DEBUG io.netty.buffer.AbstractByteBuf - -Dio.netty.buffer.checkBounds: true
15:12:13.726 [AsyncHttpClient-1-2] DEBUG io.netty.util.ResourceLeakDetectorFactory - Loaded default ResourceLeakDetector: io.netty.util.ResourceLeakDetector@7110ce10
15:12:13.754 [AsyncHttpClient-1-2] DEBUG org.asynchttpclient.netty.channel.NettyConnectListener - Using new Channel '[id: 0xe3f4eeed, L:/127.0.0.1:55563 - R:localhost/127.0.0.1:16512]' for 'POST' to '/session'
15:12:13.777 [AsyncHttpClient-1-2] DEBUG io.netty.util.Recycler - -Dio.netty.recycler.maxCapacityPerThread: 4096
15:12:13.777 [AsyncHttpClient-1-2] DEBUG io.netty.util.Recycler - -Dio.netty.recycler.ratio: 8
15:12:13.777 [AsyncHttpClient-1-2] DEBUG io.netty.util.Recycler - -Dio.netty.recycler.chunkSize: 32
15:12:13.777 [AsyncHttpClient-1-2] DEBUG io.netty.util.Recycler - -Dio.netty.recycler.blocking: false
15:12:13.777 [AsyncHttpClient-1-2] DEBUG io.netty.util.Recycler - -Dio.netty.recycler.batchFastThreadLocalOnly: true
15:12:17.935 [AsyncHttpClient-1-2] DEBUG io.netty.handler.codec.compression.Brotli - brotli4j not in the classpath; Brotli support will be unavailable.
15:12:17.936 [AsyncHttpClient-1-2] DEBUG org.asynchttpclient.netty.handler.HttpHandler - 

Request DefaultHttpRequest(decodeResult: success, version: HTTP/1.1)
POST /session HTTP/1.1
User-Agent: selenium/4.11.0 (java mac)
Content-Length: 254
Content-Type: application/json; charset=utf-8
host: localhost:16512
accept: */*

Response DefaultHttpResponse(decodeResult: success, version: HTTP/1.1)
HTTP/1.1 500 Internal Server Error
Content-Length: 1999
Content-Type: application/json; charset=utf-8
cache-control: no-cache

15:12:17.951 [AsyncHttpClient-1-2] DEBUG org.asynchttpclient.netty.channel.ChannelManager - Adding key: http://localhost:16512 for channel [id: 0xe3f4eeed, L:/127.0.0.1:55563 - R:localhost/127.0.0.1:16512]
15:12:18.043 [AsyncHttpClient-1-2] DEBUG org.asynchttpclient.netty.handler.HttpHandler - Channel Closed: [id: 0xe3f4eeed, L:/127.0.0.1:55563 ! R:localhost/127.0.0.1:16512] with attribute DISCARD
]]></system-out>
  </testcase>
  <testcase name="tearDown" classname="base.BaseTest" time="0.0">
    <skipped/>
  </testcase>
</testsuite>