<?xml version="1.0" encoding="UTF-8"?>
<!-- Generated by org.testng.reporters.JUnitReportReporter -->
<testsuite hostname="Rashmithas-MacBook-Pro.local" failures="0" tests="1" name="testcases.ONDC_portal_Flow8" time="43.451" errors="0" timestamp="2024-07-29T11:13:44 IST" skipped="0">
  <testcase classname="testcases.ONDC_portal_Flow8" name="IGM" time="43.451"/>
</testsuite> <!-- testcases.ONDC_portal_Flow8 -->
