<?xml version="1.0" encoding="UTF-8"?>
<!-- Generated by org.testng.reporters.JUnitReportReporter -->
<testsuite hostname="Rashmithas-MacBook-Pro.local" failures="0" tests="1" name="testcases.ONDC_portal_Flow10" time="43.387" errors="0" timestamp="2024-07-29T11:15:51 IST" skipped="0">
  <testcase classname="testcases.ONDC_portal_Flow10" name="SearchAndCustomMenu" time="43.387"/>
</testsuite> <!-- testcases.ONDC_portal_Flow10 -->
