<?xml version="1.0" encoding="UTF-8"?>
<!-- Generated by org.testng.reporters.JUnitReportReporter -->
<testsuite hostname="Rashmithas-MacBook-Pro.local" failures="0" tests="1" name="testcases.ONDC_portal_Flow7" time="43.539" errors="0" timestamp="2024-07-29T10:30:10 IST" skipped="0">
  <testcase classname="testcases.ONDC_portal_Flow7" name="OutOfStock" time="43.539"/>
</testsuite> <!-- testcases.ONDC_portal_Flow7 -->
