<?xml version="1.0" encoding="UTF-8"?>
<!-- Generated by org.testng.reporters.JUnitReportReporter -->
<testsuite hostname="Rashmithas-MacBook-Pro.local" failures="0" tests="1" name="testcases.ONDC_portal_Flow5" time="28.419" errors="0" timestamp="2024-07-29T10:18:11 IST" skipped="0">
  <testcase classname="testcases.ONDC_portal_Flow5" name="MerchantSideFull_OrderCancel" time="28.419"/>
</testsuite> <!-- testcases.ONDC_portal_Flow5 -->
