<?xml version="1.0" encoding="UTF-8"?>
<!-- Generated by org.testng.reporters.JUnitReportReporter -->
<testsuite hostname="Rashmithas-MacBook-Pro.local" failures="0" tests="1" name="testcases.ONDC_Portal_Flow1" time="38.410" errors="0" timestamp="2024-07-29T10:44:39 IST" skipped="0">
  <testcase classname="testcases.ONDC_Portal_Flow1" name="orderToConfirm_Fulfillment" time="38.410"/>
</testsuite> <!-- testcases.ONDC_Portal_Flow1 -->
