<?xml version="1.0" encoding="UTF-8"?>
<!-- Generated by org.testng.reporters.JUnitReportReporter -->
<testsuite hostname="Rashmithas-MacBook-Pro.local" failures="0" tests="1" name="testcases.ONDC_Portal" time="31.160" errors="0" timestamp="2024-07-29T09:44:44 IST" skipped="0">
  <testcase classname="testcases.ONDC_Portal" name="Login" time="31.160"/>
</testsuite> <!-- testcases.ONDC_Portal -->
