<?xml version="1.0" encoding="UTF-8"?>
<!-- Generated by org.testng.reporters.JUnitReportReporter -->
<testsuite hostname="Rashmithas-MacBook-Pro.local" failures="0" tests="1" name="testcases.ONDC_portal_Flow2" time="28.620" errors="0" timestamp="2024-07-29T09:55:11 IST" skipped="0">
  <testcase classname="testcases.ONDC_portal_Flow2" name="BuyerSideFull_OrderCancel" time="28.620"/>
</testsuite> <!-- testcases.ONDC_portal_Flow2 -->
