<?xml version="1.0" encoding="UTF-8"?>
<!-- Generated by org.testng.reporters.JUnitReportReporter -->
<testsuite hostname="Rashmithas-MacBook-Pro.local" failures="0" tests="1" name="testcases.ONDC_portal_Flow6" time="38.569" errors="0" timestamp="2024-07-29T10:26:40 IST" skipped="0">
  <testcase classname="testcases.ONDC_portal_Flow6" name="BuyerInitiatedReturnPO" time="38.569"/>
</testsuite> <!-- testcases.ONDC_portal_Flow6 -->
