<?xml version="1.0" encoding="UTF-8"?>
<!-- Generated by org.testng.reporters.JUnitReportReporter -->
<testsuite hostname="Rashmithas-MacBook-Pro.local" failures="0" tests="1" name="testcases.ONDC_Portal" time="35.376" errors="0" timestamp="2024-07-18T14:04:31 IST" skipped="0">
  <testcase classname="testcases.ONDC_Portal" name="Login" time="35.376"/>
</testsuite> <!-- testcases.ONDC_Portal -->
